2025-05-13 19:44:37,776 [INFO] py_abac.storage.migration: Running migration #1 up
2025-05-13 19:44:37,802 [INFO] py_abac.storage.migration: Completed migration #1 up. Last applied is now 1
2025-05-13 19:44:37,810 [INFO] py_abac.storage.mongo.storage: Added Policy: <py_abac.policy.policy.Policy object at 0x75ffdd454350>
2025-05-13 19:55:39,051 [ERROR] py_abac.storage.mongo.storage: Error trying to create already existing policy with UID=default_deny_all.
2025-05-13 20:24:29,801 [ERROR] py_abac.storage.mongo.storage: Error trying to create already existing policy with UID=default_deny_all.
2025-05-13 20:26:59,298 [ERROR] py_abac.storage.mongo.storage: Error trying to create already existing policy with UID=default_deny_all.
2025-05-13 20:36:27,409 [ERROR] py_abac.storage.mongo.storage: Error trying to create already existing policy with UID=default_deny_all.
2025-05-13 20:49:45,445 [ERROR] py_abac.storage.mongo.storage: Error trying to create already existing policy with UID=default_deny_all.
2025-05-13 20:51:18,890 [INFO] py_abac.storage.mongo.storage: Added Policy: <py_abac.policy.policy.Policy object at 0x7110d52518e0>
2025-05-13 20:55:48,259 [INFO] py_abac.storage.mongo.storage: Added Policy: <py_abac.policy.policy.Policy object at 0x7303640418e0>
2025-05-13 20:56:44,594 [ERROR] py_abac.storage.mongo.storage: Error trying to create already existing policy with UID=admin_full_access.
2025-05-13 21:10:43,310 [ERROR] py_abac.storage.mongo.storage: Error trying to create already existing policy with UID=admin_full_access.
2025-05-14 19:16:44,472 [ERROR] py_abac.storage.mongo.storage: Error trying to create already existing policy with UID=admin_full_access.
2025-05-14 19:21:11,000 [ERROR] py_abac.storage.mongo.storage: Error trying to create already existing policy with UID=admin_full_access.
2025-05-14 19:30:02,835 [ERROR] py_abac.storage.mongo.storage: Error trying to create already existing policy with UID=admin_full_access.
2025-05-14 19:30:40,746 [ERROR] py_abac.storage.mongo.storage: Error trying to create already existing policy with UID=admin_full_access.
2025-05-14 19:33:59,720 [ERROR] py_abac.storage.mongo.storage: Error trying to create already existing policy with UID=admin_full_access.
2025-05-14 19:34:41,190 [ERROR] py_abac.storage.mongo.storage: Error trying to create already existing policy with UID=admin_full_access.
2025-05-14 19:35:19,465 [ERROR] py_abac.storage.mongo.storage: Error trying to create already existing policy with UID=admin_full_access.
2025-05-14 20:52:54,423 [ERROR] py_abac.storage.mongo.storage: Error trying to create already existing policy with UID=admin_full_access.
