2025-05-13 19:40:55,607 [INFO] Login: user='admin' role='admin' attrs={'role': 'admin'}
2025-05-13 19:40:55,639 [ERROR] MongoDB connection failed for user='admin': Authentication failed., full error: {'ok': 0.0, 'errmsg': 'Authentication failed.', 'code': 18, 'codeName': 'AuthenticationFailed'}
2025-05-13 19:44:37,760 [INFO] Login: user='admin' role='admin' attrs={'role': 'admin'}
2025-05-13 19:46:19,578 [INFO] ABAC decision: user='admin' action='read' resource='customers' payload={'_id': 1} → DENY
2025-05-13 19:46:52,900 [INFO] Exit: user='admin'
2025-05-13 19:55:39,037 [INFO] Login: user='admin' role='admin' attrs={'role': 'admin'}
2025-05-13 19:56:43,437 [INFO] ABAC decision: user='admin' action='read' resource='customers' payload={'_id': 1} → DENY
2025-05-13 19:58:41,018 [INFO] Exit: user='admin'
2025-05-13 20:04:26,884 [INFO] Login: user='admin' role='admin' attrs={'role': 'admin'}
2025-05-13 20:05:14,552 [INFO] Login: user='admin' role='admin' attrs={'role': 'admin'}
2025-05-13 20:06:51,898 [INFO] Login: user='admin' role='admin' attrs={'role': 'admin'}
2025-05-13 20:07:11,564 [INFO] Exit: user='admin'
2025-05-13 20:23:18,166 [INFO] Login: user='admin' role='admin' attrs={'role': 'admin'}
2025-05-13 20:23:22,832 [INFO] Exit: user='admin'
2025-05-13 20:24:29,788 [INFO] Login: user='admin' role='admin' attrs={'role': 'admin'}
2025-05-13 20:24:51,230 [INFO] Exit: user='admin'
2025-05-13 20:26:59,284 [INFO] Login: user='admin' role='admin' attrs={'role': 'admin'}
2025-05-13 20:29:11,660 [INFO] Exit: user='admin'
2025-05-13 20:36:27,394 [INFO] Login: user='admin' role='admin' attrs={'role': 'admin'}
2025-05-13 20:48:10,854 [INFO] Exit: user='admin'
2025-05-13 20:49:45,432 [INFO] Login: user='admin' role='admin' attrs={'role': 'admin'}
2025-05-13 20:49:58,235 [INFO] Exit: user='admin'
2025-05-13 20:50:55,636 [INFO] Login: user='admin' role='admin' attrs={'role': 'admin'}
2025-05-13 20:50:59,776 [INFO] Exit: user='admin'
2025-05-13 20:51:18,879 [INFO] Login: user='admin' role='admin' attrs={'role': 'admin'}
2025-05-13 20:51:47,744 [INFO] ABAC decision: user='admin' action='read' resource='customers' payload={'id': 1} → DENY
2025-05-13 20:52:04,217 [INFO] Exit: user='admin'
2025-05-13 20:55:48,240 [INFO] Login: user='admin' role='admin' attrs={'role': 'admin'}
2025-05-13 20:56:12,115 [INFO] ABAC decision: user='admin' action='read' resource='customers' payload={'id': 1} → ALLOW
2025-05-13 20:56:12,116 [INFO] Executing find by user='admin' on 'customers' filter={'id': 1}
2025-05-13 20:56:21,924 [INFO] Exit: user='admin'
2025-05-13 20:56:44,581 [INFO] Login: user='admin' role='admin' attrs={'role': 'admin'}
2025-05-13 20:57:44,689 [WARNING] Invalid JSON by user='admin': Expecting property name enclosed in double quotes: line 1 column 2 (char 1)
2025-05-13 20:57:44,690 [WARNING] Invalid JSON by user='admin': Extra data: line 1 column 13 (char 12)
2025-05-13 20:58:49,735 [INFO] ABAC decision: user='admin' action='create' resource='orders' payload={'OrderID': 11000, 'CustomerID': 'ALFKI', 'EmployeeID': 5, 'OrderDate': '2025-05-14T12:00:00Z', 'ShipCity': 'Lisbon'} → ALLOW
2025-05-13 20:58:49,735 [INFO] Executing insert by user='admin' on 'orders' doc={'OrderID': 11000, 'CustomerID': 'ALFKI', 'EmployeeID': 5, 'OrderDate': '2025-05-14T12:00:00Z', 'ShipCity': 'Lisbon'}
2025-05-13 21:00:49,415 [INFO] Exit: user='admin'
2025-05-13 21:10:43,298 [INFO] Login: user='admin' role='admin' attrs={'role': 'admin'}
2025-05-13 21:11:33,457 [INFO] ABAC decision: user='admin' action='create' resource='orders' payload={'OrderID': 110022, 'CustomerID': 'ALFKI', 'EmployeeID': 5, 'OrderDate': '2025-05-14T12:00:00Z', 'ShipCity': 'Lisbon'} → ALLOW
2025-05-13 21:11:33,458 [INFO] Executing insert by user='admin' on 'orders' doc={'OrderID': 110022, 'CustomerID': 'ALFKI', 'EmployeeID': 5, 'OrderDate': '2025-05-14T12:00:00Z', 'ShipCity': 'Lisbon'}
2025-05-13 21:33:11,290 [INFO] Exit: user='admin'
2025-05-14 19:16:44,442 [INFO] Login: user='admin' role='admin' attrs={'role': 'admin'}
2025-05-14 19:17:06,609 [INFO] ABAC decision: user='admin' action='read' resource='orders' payload={'id': 1} → ALLOW
2025-05-14 19:17:06,609 [INFO] Executing find by user='admin' on 'orders' filter={'id': 1}
2025-05-14 19:21:10,986 [INFO] Login: user='admin' role='admin' attrs={'role': 'admin'}
2025-05-14 19:30:02,817 [INFO] Login: user='admin' role='admin' attrs={'role': 'admin'}
2025-05-14 19:30:15,126 [INFO] ABAC decision: user='admin' action='read' resource='orders' payload={'id': 1} → ALLOW
2025-05-14 19:30:15,127 [INFO] User='admin' found 0 docs in 'orders' with filter={'id': 1}
2025-05-14 19:30:40,731 [INFO] Login: user='admin' role='admin' attrs={'role': 'admin'}
2025-05-14 19:31:05,618 [INFO] ABAC decision: user='admin' action='read' resource='customers' payload={'id': 1} → ALLOW
2025-05-14 19:31:05,621 [INFO] User='admin' found 0 docs in 'customers' with filter={'id': 1}
2025-05-14 19:32:48,152 [INFO] ABAC decision: user='admin' action='read' resource='employees' payload={'_id': 1} → ALLOW
2025-05-14 19:32:48,153 [INFO] User='admin' found 1 docs in 'employees' with filter={'_id': 1}
2025-05-14 19:32:48,153 [ERROR] MongoDB operation error for user='admin' op='find' on 'employees': name 'src' is not defined
2025-05-14 19:33:59,706 [INFO] Login: user='admin' role='admin' attrs={'role': 'admin'}
2025-05-14 19:34:18,428 [INFO] ABAC decision: user='admin' action='read' resource='employees' payload={'_id': 1} → ALLOW
2025-05-14 19:34:18,429 [INFO] User='admin' found 1 docs in 'employees' with filter={'_id': 1}
2025-05-14 19:34:18,429 [ERROR] MongoDB operation error for user='admin' op='find' on 'employees': dump() missing 1 required positional argument: 'fp'
2025-05-14 19:34:41,175 [INFO] Login: user='admin' role='admin' attrs={'role': 'admin'}
2025-05-14 19:34:55,780 [INFO] ABAC decision: user='admin' action='read' resource='employees' payload={'_id': 1} → ALLOW
2025-05-14 19:34:55,781 [INFO] User='admin' found 1 docs in 'employees' with filter={'_id': 1}
2025-05-14 19:34:55,781 [ERROR] MongoDB operation error for user='admin' op='find' on 'employees': dump() missing 1 required positional argument: 'fp'
2025-05-14 19:35:19,449 [INFO] Login: user='admin' role='admin' attrs={'role': 'admin'}
2025-05-14 19:35:33,716 [INFO] ABAC decision: user='admin' action='read' resource='employees' payload={'_id': 1} → ALLOW
2025-05-14 19:35:33,717 [INFO] User='admin' found 1 docs in 'employees' with filter={'_id': 1}
2025-05-14 19:35:44,649 [INFO] Exit: user='admin'
2025-05-14 20:52:54,408 [INFO] Login: user='admin' role='admin' attrs={'role': 'admin'}
2025-05-14 20:53:11,847 [INFO] ABAC decision: user='admin' action='read' resource='employees' payload={'_id': 1} → ALLOW
2025-05-14 20:53:11,848 [INFO] User='admin' found 1 docs in 'employees' with filter={'_id': 1}
2025-05-14 20:53:14,319 [INFO] Exit: user='admin'
